[debug] [2021-09-17T00:16:59.694Z] ----------------------------------------------------------------------
[debug] [2021-09-17T00:16:59.697Z] Command:       C:\Program Files\nodejs\node.exe C:\Users\nanel\AppData\Roaming\npm\node_modules\firebase-tools\lib\bin\firebase.js hosting:disable
[debug] [2021-09-17T00:16:59.697Z] CLI Version:   9.18.0
[debug] [2021-09-17T00:16:59.697Z] Platform:      win32
[debug] [2021-09-17T00:16:59.697Z] Node Version:  v16.0.0
[debug] [2021-09-17T00:16:59.699Z] Time:          Thu Sep 16 2021 21:16:59 GMT-0300 (hora de verano de Chile)
[debug] [2021-09-17T00:16:59.700Z] ----------------------------------------------------------------------
[debug] 
[debug] [2021-09-17T00:16:59.730Z] >>> [apiv2][query] GET https://firebase-public.firebaseio.com/cli.json [none]
[debug] [2021-09-17T00:16:59.956Z] > command requires scopes: ["email","openid","https://www.googleapis.com/auth/cloudplatformprojects.readonly","https://www.googleapis.com/auth/firebase","https://www.googleapis.com/auth/cloud-platform"]
[debug] [2021-09-17T00:16:59.956Z] > authorizing via signed-in user (fabian2125xd@gmail.com)
[debug] [2021-09-17T00:16:59.956Z] [iam] checking project intelligence-website for permissions ["firebase.projects.get","firebasehosting.sites.update"]
[debug] [2021-09-17T00:16:59.958Z] > refreshing access token with scopes: ["email","https://www.googleapis.com/auth/cloud-platform","https://www.googleapis.com/auth/cloudplatformprojects.readonly","https://www.googleapis.com/auth/firebase","openid"]
[debug] [2021-09-17T00:16:59.959Z] >>> HTTP REQUEST POST https://www.googleapis.com/oauth2/v3/token  
 <request body omitted>
[debug] [2021-09-17T00:17:00.065Z] <<< HTTP RESPONSE 200 {"pragma":"no-cache","date":"Fri, 17 Sep 2021 00:16:41 GMT","expires":"Mon, 01 Jan 1990 00:00:00 GMT","cache-control":"no-cache, no-store, max-age=0, must-revalidate","content-type":"application/json; charset=utf-8","vary":"X-Origin, Referer, Origin,Accept-Encoding","server":"scaffolding on HTTPServer2","x-xss-protection":"0","x-frame-options":"SAMEORIGIN","x-content-type-options":"nosniff","alt-svc":"h3=\":443\"; ma=2592000,h3-29=\":443\"; ma=2592000,h3-T051=\":443\"; ma=2592000,h3-Q050=\":443\"; ma=2592000,h3-Q046=\":443\"; ma=2592000,h3-Q043=\":443\"; ma=2592000,quic=\":443\"; ma=2592000; v=\"46,43\"","accept-ranges":"none","transfer-encoding":"chunked"}
[debug] [2021-09-17T00:17:00.268Z] >>> HTTP REQUEST POST https://cloudresourcemanager.googleapis.com/v1/projects/intelligence-website:testIamPermissions  
 {"permissions":["firebase.projects.get","firebasehosting.sites.update"]}
[debug] [2021-09-17T00:17:00.571Z] <<< [apiv2][status] GET https://firebase-public.firebaseio.com/cli.json 200
[debug] [2021-09-17T00:17:00.572Z] <<< [apiv2][body] GET https://firebase-public.firebaseio.com/cli.json {"cloudBuildErrorAfter":1594252800000,"cloudBuildWarnAfter":1590019200000,"defaultNode10After":1594252800000,"minVersion":"3.0.5","node8DeploysDisabledAfter":1613390400000,"node8RuntimeDisabledAfter":1615809600000,"node8WarnAfter":1600128000000}
[debug] [2021-09-17T00:17:01.113Z] <<< HTTP RESPONSE 200 {"content-type":"application/json; charset=UTF-8","vary":"X-Origin, Referer, Origin,Accept-Encoding","date":"Fri, 17 Sep 2021 00:16:42 GMT","server":"ESF","cache-control":"private","x-xss-protection":"0","x-frame-options":"SAMEORIGIN","x-content-type-options":"nosniff","server-timing":"gfet4t7; dur=770","alt-svc":"h3=\":443\"; ma=2592000,h3-29=\":443\"; ma=2592000,h3-T051=\":443\"; ma=2592000,h3-Q050=\":443\"; ma=2592000,h3-Q046=\":443\"; ma=2592000,h3-Q043=\":443\"; ma=2592000,quic=\":443\"; ma=2592000; v=\"46,43\"","accept-ranges":"none","transfer-encoding":"chunked"}
[debug] [2021-09-17T00:17:01.114Z] > refreshing access token with scopes: []
[debug] [2021-09-17T00:17:01.114Z] >>> HTTP REQUEST POST https://www.googleapis.com/oauth2/v3/token  
 <request body omitted>
[debug] [2021-09-17T00:17:01.203Z] <<< HTTP RESPONSE 200 {"pragma":"no-cache","cache-control":"no-cache, no-store, max-age=0, must-revalidate","expires":"Mon, 01 Jan 1990 00:00:00 GMT","date":"Fri, 17 Sep 2021 00:16:42 GMT","content-type":"application/json; charset=utf-8","vary":"X-Origin, Referer, Origin,Accept-Encoding","server":"scaffolding on HTTPServer2","x-xss-protection":"0","x-frame-options":"SAMEORIGIN","x-content-type-options":"nosniff","alt-svc":"h3=\":443\"; ma=2592000,h3-29=\":443\"; ma=2592000,h3-T051=\":443\"; ma=2592000,h3-Q050=\":443\"; ma=2592000,h3-Q046=\":443\"; ma=2592000,h3-Q043=\":443\"; ma=2592000,quic=\":443\"; ma=2592000; v=\"46,43\"","accept-ranges":"none","transfer-encoding":"chunked"}
[debug] [2021-09-17T00:17:01.324Z] >>> [apiv2][query] GET https://firebase.googleapis.com/v1beta1/projects/intelligence-website [none]
[debug] [2021-09-17T00:17:02.282Z] <<< [apiv2][status] GET https://firebase.googleapis.com/v1beta1/projects/intelligence-website 200
[debug] [2021-09-17T00:17:02.282Z] <<< [apiv2][body] GET https://firebase.googleapis.com/v1beta1/projects/intelligence-website {"projectId":"intelligence-website","projectNumber":"262412201735","displayName":"intelligence-website","name":"projects/intelligence-website","resources":{"hostingSite":"intelligence-website"},"state":"ACTIVE"}
